# JRE version: OpenJDK Runtime Environment (8.0_151-b12) (build 1.8.0_151-8u151-b12-0ubuntu0.16.04.2-b12)
# Java VM: OpenJDK 64-Bit Server VM (25.151-b12 mixed mode linux-amd64 compressed oops)
Heap:
 PSYoungGen      total 218112K, used 140580K [0x00000000f0000000, 0x0000000100000000, 0x0000000100000000)
  eden space 176128K, 63% used [0x00000000f0000000,0x00000000f6c9dd90,0x00000000fac00000)
  from space 41984K, 69% used [0x00000000fd700000,0x00000000ff3ab5d8,0x0000000100000000)
  to   space 43008K, 0% used [0x00000000fac00000,0x00000000fac00000,0x00000000fd600000)
 ParOldGen       total 524288K, used 92263K [0x00000000d0000000, 0x00000000f0000000, 0x00000000f0000000)
  object space 524288K, 17% used [0x00000000d0000000,0x00000000d5a19cf8,0x00000000f0000000)
 Metaspace       used 70939K, capacity 74764K, committed 75008K, reserved 1114112K
  class space    used 8744K, capacity 9881K, committed 9984K, reserved 1048576K
GC Heap History (10 events):
Event: 183.379 GC heap before
{Heap before GC invocations=29 (full 3):
 PSYoungGen      total 217600K, used 197083K [0x00000000f0000000, 0x0000000100000000, 0x0000000100000000)
  eden space 175104K, 100% used [0x00000000f0000000,0x00000000fab00000,0x00000000fab00000)
  from space 42496K, 51% used [0x00000000fab00000,0x00000000fc076e48,0x00000000fd480000)
  to   space 41472K, 0% used [0x00000000fd780000,0x00000000fd780000,0x0000000100000000)
 ParOldGen       total 524288K, used 92223K [0x00000000d0000000, 0x00000000f0000000, 0x00000000f0000000)
  object space 524288K, 17% used [0x00000000d0000000,0x00000000d5a0fcf8,0x00000000f0000000)
 Metaspace       used 67051K, capacity 69634K, committed 69888K, reserved 1110016K
  class space    used 8174K, capacity 8951K, committed 8960K, reserved 1048576K
Event: 183.400 GC heap after
Heap after GC invocations=29 (full 3):
 PSYoungGen      total 220672K, used 24500K [0x00000000f0000000, 0x0000000100000000, 0x0000000100000000)
  eden space 179200K, 0% used [0x00000000f0000000,0x00000000f0000000,0x00000000faf00000)
  from space 41472K, 59% used [0x00000000fd780000,0x00000000fef6d3e0,0x0000000100000000)
  to   space 41472K, 0% used [0x00000000faf00000,0x00000000faf00000,0x00000000fd780000)
 ParOldGen       total 524288K, used 92231K [0x00000000d0000000, 0x00000000f0000000, 0x00000000f0000000)
  object space 524288K, 17% used [0x00000000d0000000,0x00000000d5a11cf8,0x00000000f0000000)
 Metaspace       used 67051K, capacity 69634K, committed 69888K, reserved 1110016K
  class space    used 8174K, capacity 8951K, committed 8960K, reserved 1048576K
}
Event: 196.156 GC heap before
{Heap before GC invocations=30 (full 3):
 PSYoungGen      total 220672K, used 203700K [0x00000000f0000000, 0x0000000100000000, 0x0000000100000000)
  eden space 179200K, 100% used [0x00000000f0000000,0x00000000faf00000,0x00000000faf00000)
  from space 41472K, 59% used [0x00000000fd780000,0x00000000fef6d3e0,0x0000000100000000)
  to   space 41472K, 0% used [0x00000000faf00000,0x00000000faf00000,0x00000000fd780000)
 ParOldGen       total 524288K, used 92231K [0x00000000d0000000, 0x00000000f0000000, 0x00000000f0000000)
  object space 524288K, 17% used [0x00000000d0000000,0x00000000d5a11cf8,0x00000000f0000000)
 Metaspace       used 68145K, capacity 71134K, committed 71296K, reserved 1112064K
  class space    used 8394K, capacity 9305K, committed 9344K, reserved 1048576K
Event: 196.180 GC heap after
Heap after GC invocations=30 (full 3):
 PSYoungGen      total 208384K, used 29136K [0x00000000f0000000, 0x0000000100000000, 0x0000000100000000)
  eden space 179200K, 0% used [0x00000000f0000000,0x00000000f0000000,0x00000000faf00000)
  from space 29184K, 99% used [0x00000000faf00000,0x00000000fcb740a8,0x00000000fcb80000)
  to   space 42496K, 0% used [0x00000000fd680000,0x00000000fd680000,0x0000000100000000)
 ParOldGen       total 524288K, used 92239K [0x00000000d0000000, 0x00000000f0000000, 0x00000000f0000000)
  object space 524288K, 17% used [0x00000000d0000000,0x00000000d5a13cf8,0x00000000f0000000)
 Metaspace       used 68145K, capacity 71134K, committed 71296K, reserved 1112064K
  class space    used 8394K, capacity 9305K, committed 9344K, reserved 1048576K
}
Event: 1763.593 GC heap before
{Heap before GC invocations=31 (full 3):
 PSYoungGen      total 208384K, used 208336K [0x00000000f0000000, 0x0000000100000000, 0x0000000100000000)
  eden space 179200K, 100% used [0x00000000f0000000,0x00000000faf00000,0x00000000faf00000)
  from space 29184K, 99% used [0x00000000faf00000,0x00000000fcb740a8,0x00000000fcb80000)
  to   space 42496K, 0% used [0x00000000fd680000,0x00000000fd680000,0x0000000100000000)
 ParOldGen       total 524288K, used 92239K [0x00000000d0000000, 0x00000000f0000000, 0x00000000f0000000)
  object space 524288K, 17% used [0x00000000d0000000,0x00000000d5a13cf8,0x00000000f0000000)
 Metaspace       used 68783K, capacity 72310K, committed 72576K, reserved 1112064K
  class space    used 8521K, capacity 9542K, committed 9600K, reserved 1048576K
Event: 1763.625 GC heap after
Heap after GC invocations=31 (full 3):
 PSYoungGen      total 215552K, used 31036K [0x00000000f0000000, 0x0000000100000000, 0x0000000100000000)
  eden space 173056K, 0% used [0x00000000f0000000,0x00000000f0000000,0x00000000fa900000)
  from space 42496K, 73% used [0x00000000fd680000,0x00000000ff4cf040,0x0000000100000000)
  to   space 44544K, 0% used [0x00000000fa900000,0x00000000fa900000,0x00000000fd480000)
 ParOldGen       total 524288K, used 92247K [0x00000000d0000000, 0x00000000f0000000, 0x00000000f0000000)
  object space 524288K, 17% used [0x00000000d0000000,0x00000000d5a15cf8,0x00000000f0000000)
 Metaspace       used 68783K, capacity 72310K, committed 72576K, reserved 1112064K
  class space    used 8521K, capacity 9542K, committed 9600K, reserved 1048576K
}
Event: 7028.627 GC heap before
{Heap before GC invocations=32 (full 3):
 PSYoungGen      total 215552K, used 204092K [0x00000000f0000000, 0x0000000100000000, 0x0000000100000000)
  eden space 173056K, 100% used [0x00000000f0000000,0x00000000fa900000,0x00000000fa900000)
  from space 42496K, 73% used [0x00000000fd680000,0x00000000ff4cf040,0x0000000100000000)
  to   space 44544K, 0% used [0x00000000fa900000,0x00000000fa900000,0x00000000fd480000)
 ParOldGen       total 524288K, used 92247K [0x00000000d0000000, 0x00000000f0000000, 0x00000000f0000000)
  object space 524288K, 17% used [0x00000000d0000000,0x00000000d5a15cf8,0x00000000f0000000)
 Metaspace       used 68861K, capacity 72454K, committed 72576K, reserved 1112064K
  class space    used 8532K, capacity 9582K, committed 9600K, reserved 1048576K
Event: 7028.647 GC heap after
Heap after GC invocations=32 (full 3):
 PSYoungGen      total 217600K, used 21676K [0x00000000f0000000, 0x0000000100000000, 0x0000000100000000)
  eden space 173056K, 0% used [0x00000000f0000000,0x00000000f0000000,0x00000000fa900000)
  from space 44544K, 48% used [0x00000000fa900000,0x00000000fbe2b188,0x00000000fd480000)
  to   space 41984K, 0% used [0x00000000fd700000,0x00000000fd700000,0x0000000100000000)
 ParOldGen       total 524288K, used 92255K [0x00000000d0000000, 0x00000000f0000000, 0x00000000f0000000)
  object space 524288K, 17% used [0x00000000d0000000,0x00000000d5a17cf8,0x00000000f0000000)
 Metaspace       used 68861K, capacity 72454K, committed 72576K, reserved 1112064K
  class space    used 8532K, capacity 9582K, committed 9600K, reserved 1048576K
}
Event: 8541.192 GC heap before
{Heap before GC invocations=33 (full 3):
 PSYoungGen      total 217600K, used 194732K [0x00000000f0000000, 0x0000000100000000, 0x0000000100000000)
  eden space 173056K, 100% used [0x00000000f0000000,0x00000000fa900000,0x00000000fa900000)
  from space 44544K, 48% used [0x00000000fa900000,0x00000000fbe2b188,0x00000000fd480000)
  to   space 41984K, 0% used [0x00000000fd700000,0x00000000fd700000,0x0000000100000000)
 ParOldGen       total 524288K, used 92255K [0x00000000d0000000, 0x00000000f0000000, 0x00000000f0000000)
  object space 524288K, 17% used [0x00000000d0000000,0x00000000d5a17cf8,0x00000000f0000000)
 Metaspace       used 70201K, capacity 73864K, committed 73984K, reserved 1114112K
  class space    used 8650K, capacity 9702K, committed 9728K, reserved 1048576K
Event: 8541.219 GC heap after
Heap after GC invocations=33 (full 3):
 PSYoungGen      total 218112K, used 29357K [0x00000000f0000000, 0x0000000100000000, 0x0000000100000000)
  eden space 176128K, 0% used [0x00000000f0000000,0x00000000f0000000,0x00000000fac00000)
  from space 41984K, 69% used [0x00000000fd700000,0x00000000ff3ab5d8,0x0000000100000000)
  to   space 43008K, 0% used [0x00000000fac00000,0x00000000fac00000,0x00000000fd600000)
 ParOldGen       total 524288K, used 92263K [0x00000000d0000000, 0x00000000f0000000, 0x00000000f0000000)
  object space 524288K, 17% used [0x00000000d0000000,0x00000000d5a19cf8,0x00000000f0000000)
 Metaspace       used 70201K, capacity 73864K, committed 73984K, reserved 1114112K
  class space    used 8650K, capacity 9702K, committed 9728K, reserved 1048576K
}

