# JRE version: OpenJDK Runtime Environment (8.0_151-b12) (build 1.8.0_151-8u151-b12-0ubuntu0.16.04.2-b12)
# Java VM: OpenJDK 64-Bit Server VM (25.151-b12 mixed mode linux-amd64 compressed oops)
Heap:
 PSYoungGen      total 215552K, used 163648K [0x00000000f0000000, 0x0000000100000000, 0x0000000100000000)
  eden space 188928K, 72% used [0x00000000f0000000,0x00000000f86339b8,0x00000000fb880000)
  from space 26624K, 98% used [0x00000000fbb00000,0x00000000fd49c8d8,0x00000000fd500000)
  to   space 37888K, 0% used [0x00000000fdb00000,0x00000000fdb00000,0x0000000100000000)
 ParOldGen       total 524288K, used 115343K [0x00000000d0000000, 0x00000000f0000000, 0x00000000f0000000)
  object space 524288K, 22% used [0x00000000d0000000,0x00000000d70a3d78,0x00000000f0000000)
 Metaspace       used 74493K, capacity 81152K, committed 81496K, reserved 1120256K
  class space    used 9293K, capacity 11291K, committed 11392K, reserved 1048576K
GC Heap History (10 events):
Event: 6104.106 GC heap before
{Heap before GC invocations=58 (full 3):
 PSYoungGen      total 230400K, used 224112K [0x00000000f0000000, 0x0000000100000000, 0x0000000100000000)
  eden space 203776K, 100% used [0x00000000f0000000,0x00000000fc700000,0x00000000fc700000)
  from space 26624K, 76% used [0x00000000fe600000,0x00000000ff9dc2f8,0x0000000100000000)
  to   space 29184K, 0% used [0x00000000fc700000,0x00000000fc700000,0x00000000fe380000)
 ParOldGen       total 524288K, used 115095K [0x00000000d0000000, 0x00000000f0000000, 0x00000000f0000000)
  object space 524288K, 21% used [0x00000000d0000000,0x00000000d7065d78,0x00000000f0000000)
 Metaspace       used 72575K, capacity 78092K, committed 78296K, reserved 1116160K
  class space    used 9048K, capacity 10647K, committed 10752K, reserved 1048576K
Event: 6104.123 GC heap after
Heap after GC invocations=58 (full 3):
 PSYoungGen      total 220672K, used 19367K [0x00000000f0000000, 0x0000000100000000, 0x0000000100000000)
  eden space 201216K, 0% used [0x00000000f0000000,0x00000000f0000000,0x00000000fc480000)
  from space 19456K, 99% used [0x00000000fc700000,0x00000000fd9e9f08,0x00000000fda00000)
  to   space 30720K, 0% used [0x00000000fe200000,0x00000000fe200000,0x0000000100000000)
 ParOldGen       total 524288K, used 115143K [0x00000000d0000000, 0x00000000f0000000, 0x00000000f0000000)
  object space 524288K, 21% used [0x00000000d0000000,0x00000000d7071d78,0x00000000f0000000)
 Metaspace       used 72575K, capacity 78092K, committed 78296K, reserved 1116160K
  class space    used 9048K, capacity 10647K, committed 10752K, reserved 1048576K
}
Event: 6184.619 GC heap before
{Heap before GC invocations=59 (full 3):
 PSYoungGen      total 220672K, used 220583K [0x00000000f0000000, 0x0000000100000000, 0x0000000100000000)
  eden space 201216K, 100% used [0x00000000f0000000,0x00000000fc480000,0x00000000fc480000)
  from space 19456K, 99% used [0x00000000fc700000,0x00000000fd9e9f08,0x00000000fda00000)
  to   space 30720K, 0% used [0x00000000fe200000,0x00000000fe200000,0x0000000100000000)
 ParOldGen       total 524288K, used 115143K [0x00000000d0000000, 0x00000000f0000000, 0x00000000f0000000)
  object space 524288K, 21% used [0x00000000d0000000,0x00000000d7071d78,0x00000000f0000000)
 Metaspace       used 72762K, capacity 78410K, committed 78552K, reserved 1118208K
  class space    used 9084K, capacity 10743K, committed 10752K, reserved 1048576K
Event: 6184.636 GC heap after
Heap after GC invocations=59 (full 3):
 PSYoungGen      total 228352K, used 21047K [0x00000000f0000000, 0x0000000100000000, 0x0000000100000000)
  eden space 197632K, 0% used [0x00000000f0000000,0x00000000f0000000,0x00000000fc100000)
  from space 30720K, 68% used [0x00000000fe200000,0x00000000ff68df18,0x0000000100000000)
  to   space 32256K, 0% used [0x00000000fc100000,0x00000000fc100000,0x00000000fe080000)
 ParOldGen       total 524288K, used 115199K [0x00000000d0000000, 0x00000000f0000000, 0x00000000f0000000)
  object space 524288K, 21% used [0x00000000d0000000,0x00000000d707fd78,0x00000000f0000000)
 Metaspace       used 72762K, capacity 78410K, committed 78552K, reserved 1118208K
  class space    used 9084K, capacity 10743K, committed 10752K, reserved 1048576K
}
Event: 6314.422 GC heap before
{Heap before GC invocations=60 (full 3):
 PSYoungGen      total 228352K, used 218679K [0x00000000f0000000, 0x0000000100000000, 0x0000000100000000)
  eden space 197632K, 100% used [0x00000000f0000000,0x00000000fc100000,0x00000000fc100000)
  from space 30720K, 68% used [0x00000000fe200000,0x00000000ff68df18,0x0000000100000000)
  to   space 32256K, 0% used [0x00000000fc100000,0x00000000fc100000,0x00000000fe080000)
 ParOldGen       total 524288K, used 115199K [0x00000000d0000000, 0x00000000f0000000, 0x00000000f0000000)
  object space 524288K, 21% used [0x00000000d0000000,0x00000000d707fd78,0x00000000f0000000)
 Metaspace       used 73015K, capacity 79064K, committed 79320K, reserved 1118208K
  class space    used 9140K, capacity 10913K, committed 11008K, reserved 1048576K
Event: 6314.440 GC heap after
Heap after GC invocations=60 (full 3):
 PSYoungGen      total 217600K, used 22088K [0x00000000f0000000, 0x0000000100000000, 0x0000000100000000)
  eden space 195072K, 0% used [0x00000000f0000000,0x00000000f0000000,0x00000000fbe80000)
  from space 22528K, 98% used [0x00000000fc100000,0x00000000fd692038,0x00000000fd700000)
  to   space 33792K, 0% used [0x00000000fdf00000,0x00000000fdf00000,0x0000000100000000)
 ParOldGen       total 524288K, used 115239K [0x00000000d0000000, 0x00000000f0000000, 0x00000000f0000000)
  object space 524288K, 21% used [0x00000000d0000000,0x00000000d7089d78,0x00000000f0000000)
 Metaspace       used 73015K, capacity 79064K, committed 79320K, reserved 1118208K
  class space    used 9140K, capacity 10913K, committed 11008K, reserved 1048576K
}
Event: 6425.871 GC heap before
{Heap before GC invocations=61 (full 3):
 PSYoungGen      total 217600K, used 217160K [0x00000000f0000000, 0x0000000100000000, 0x0000000100000000)
  eden space 195072K, 100% used [0x00000000f0000000,0x00000000fbe80000,0x00000000fbe80000)
  from space 22528K, 98% used [0x00000000fc100000,0x00000000fd692038,0x00000000fd700000)
  to   space 33792K, 0% used [0x00000000fdf00000,0x00000000fdf00000,0x0000000100000000)
 ParOldGen       total 524288K, used 115239K [0x00000000d0000000, 0x00000000f0000000, 0x00000000f0000000)
  object space 524288K, 21% used [0x00000000d0000000,0x00000000d7089d78,0x00000000f0000000)
 Metaspace       used 73308K, capacity 79608K, committed 79704K, reserved 1118208K
  class space    used 9195K, capacity 11086K, committed 11136K, reserved 1048576K
Event: 6425.889 GC heap after
Heap after GC invocations=61 (full 3):
 PSYoungGen      total 225280K, used 22920K [0x00000000f0000000, 0x0000000100000000, 0x0000000100000000)
  eden space 191488K, 0% used [0x00000000f0000000,0x00000000f0000000,0x00000000fbb00000)
  from space 33792K, 67% used [0x00000000fdf00000,0x00000000ff562038,0x0000000100000000)
  to   space 35328K, 0% used [0x00000000fbb00000,0x00000000fbb00000,0x00000000fdd80000)
 ParOldGen       total 524288K, used 115287K [0x00000000d0000000, 0x00000000f0000000, 0x00000000f0000000)
  object space 524288K, 21% used [0x00000000d0000000,0x00000000d7095d78,0x00000000f0000000)
 Metaspace       used 73308K, capacity 79608K, committed 79704K, reserved 1118208K
  class space    used 9195K, capacity 11086K, committed 11136K, reserved 1048576K
}
Event: 7442.443 GC heap before
{Heap before GC invocations=62 (full 3):
 PSYoungGen      total 225280K, used 214408K [0x00000000f0000000, 0x0000000100000000, 0x0000000100000000)
  eden space 191488K, 100% used [0x00000000f0000000,0x00000000fbb00000,0x00000000fbb00000)
  from space 33792K, 67% used [0x00000000fdf00000,0x00000000ff562038,0x0000000100000000)
  to   space 35328K, 0% used [0x00000000fbb00000,0x00000000fbb00000,0x00000000fdd80000)
 ParOldGen       total 524288K, used 115287K [0x00000000d0000000, 0x00000000f0000000, 0x00000000f0000000)
  object space 524288K, 21% used [0x00000000d0000000,0x00000000d7095d78,0x00000000f0000000)
 Metaspace       used 73681K, capacity 80292K, committed 80600K, reserved 1118208K
  class space    used 9240K, capacity 11205K, committed 11264K, reserved 1048576K
Event: 7442.465 GC heap after
Heap after GC invocations=62 (full 3):
 PSYoungGen      total 215552K, used 26226K [0x00000000f0000000, 0x0000000100000000, 0x0000000100000000)
  eden space 188928K, 0% used [0x00000000f0000000,0x00000000f0000000,0x00000000fb880000)
  from space 26624K, 98% used [0x00000000fbb00000,0x00000000fd49c8d8,0x00000000fd500000)
  to   space 37888K, 0% used [0x00000000fdb00000,0x00000000fdb00000,0x0000000100000000)
 ParOldGen       total 524288K, used 115343K [0x00000000d0000000, 0x00000000f0000000, 0x00000000f0000000)
  object space 524288K, 22% used [0x00000000d0000000,0x00000000d70a3d78,0x00000000f0000000)
 Metaspace       used 73681K, capacity 80292K, committed 80600K, reserved 1118208K
  class space    used 9240K, capacity 11205K, committed 11264K, reserved 1048576K
}

