# JRE version: OpenJDK Runtime Environment (8.0_151-b12) (build 1.8.0_151-8u151-b12-0ubuntu0.16.04.2-b12)
# Java VM: OpenJDK 64-Bit Server VM (25.151-b12 mixed mode linux-amd64 compressed oops)
Heap:
 PSYoungGen      total 222720K, used 164673K [0x00000000f0000000, 0x0000000100000000, 0x0000000100000000)
  eden space 183296K, 68% used [0x00000000f0000000,0x00000000f7a557b8,0x00000000fb300000)
  from space 39424K, 99% used [0x00000000fb300000,0x00000000fd97aca0,0x00000000fd980000)
  to   space 39424K, 0% used [0x00000000fd980000,0x00000000fd980000,0x0000000100000000)
 ParOldGen       total 524288K, used 93862K [0x00000000d0000000, 0x00000000f0000000, 0x00000000f0000000)
  object space 524288K, 17% used [0x00000000d0000000,0x00000000d5ba9bb0,0x00000000f0000000)
 Metaspace       used 70300K, capacity 73710K, committed 73816K, reserved 1114112K
  class space    used 8703K, capacity 9772K, committed 9816K, reserved 1048576K
GC Heap History (10 events):
Event: 30.974 GC heap before
{Heap before GC invocations=26 (full 3):
 PSYoungGen      total 223744K, used 195387K [0x00000000f0000000, 0x0000000100000000, 0x0000000100000000)
  eden space 184832K, 100% used [0x00000000f0000000,0x00000000fb480000,0x00000000fb480000)
  from space 38912K, 27% used [0x00000000fda00000,0x00000000fe44eec0,0x0000000100000000)
  to   space 38400K, 0% used [0x00000000fb480000,0x00000000fb480000,0x00000000fda00000)
 ParOldGen       total 524288K, used 92249K [0x00000000d0000000, 0x00000000f0000000, 0x00000000f0000000)
  object space 524288K, 17% used [0x00000000d0000000,0x00000000d5a16600,0x00000000f0000000)
 Metaspace       used 64624K, capacity 66324K, committed 66520K, reserved 1107968K
  class space    used 7829K, capacity 8314K, committed 8408K, reserved 1048576K
Event: 30.996 GC heap after
Heap after GC invocations=26 (full 3):
 PSYoungGen      total 223232K, used 17414K [0x00000000f0000000, 0x0000000100000000, 0x0000000100000000)
  eden space 184832K, 0% used [0x00000000f0000000,0x00000000f0000000,0x00000000fb480000)
  from space 38400K, 45% used [0x00000000fb480000,0x00000000fc581a30,0x00000000fda00000)
  to   space 36352K, 0% used [0x00000000fdc80000,0x00000000fdc80000,0x0000000100000000)
 ParOldGen       total 524288K, used 92257K [0x00000000d0000000, 0x00000000f0000000, 0x00000000f0000000)
  object space 524288K, 17% used [0x00000000d0000000,0x00000000d5a18600,0x00000000f0000000)
 Metaspace       used 64624K, capacity 66324K, committed 66520K, reserved 1107968K
  class space    used 7829K, capacity 8314K, committed 8408K, reserved 1048576K
}
Event: 31.510 GC heap before
{Heap before GC invocations=27 (full 3):
 PSYoungGen      total 223232K, used 202246K [0x00000000f0000000, 0x0000000100000000, 0x0000000100000000)
  eden space 184832K, 100% used [0x00000000f0000000,0x00000000fb480000,0x00000000fb480000)
  from space 38400K, 45% used [0x00000000fb480000,0x00000000fc581a30,0x00000000fda00000)
  to   space 36352K, 0% used [0x00000000fdc80000,0x00000000fdc80000,0x0000000100000000)
 ParOldGen       total 524288K, used 92257K [0x00000000d0000000, 0x00000000f0000000, 0x00000000f0000000)
  object space 524288K, 17% used [0x00000000d0000000,0x00000000d5a18600,0x00000000f0000000)
 Metaspace       used 65703K, capacity 67646K, committed 67800K, reserved 1107968K
  class space    used 7997K, capacity 8605K, committed 8664K, reserved 1048576K
Event: 31.526 GC heap after
Heap after GC invocations=27 (full 3):
 PSYoungGen      total 226816K, used 19348K [0x00000000f0000000, 0x0000000100000000, 0x0000000100000000)
  eden space 190464K, 0% used [0x00000000f0000000,0x00000000f0000000,0x00000000fba00000)
  from space 36352K, 53% used [0x00000000fdc80000,0x00000000fef65218,0x0000000100000000)
  to   space 35328K, 0% used [0x00000000fba00000,0x00000000fba00000,0x00000000fdc80000)
 ParOldGen       total 524288K, used 92265K [0x00000000d0000000, 0x00000000f0000000, 0x00000000f0000000)
  object space 524288K, 17% used [0x00000000d0000000,0x00000000d5a1a600,0x00000000f0000000)
 Metaspace       used 65703K, capacity 67646K, committed 67800K, reserved 1107968K
  class space    used 7997K, capacity 8605K, committed 8664K, reserved 1048576K
}
Event: 69.239 GC heap before
{Heap before GC invocations=28 (full 3):
 PSYoungGen      total 226816K, used 209812K [0x00000000f0000000, 0x0000000100000000, 0x0000000100000000)
  eden space 190464K, 100% used [0x00000000f0000000,0x00000000fba00000,0x00000000fba00000)
  from space 36352K, 53% used [0x00000000fdc80000,0x00000000fef65218,0x0000000100000000)
  to   space 35328K, 0% used [0x00000000fba00000,0x00000000fba00000,0x00000000fdc80000)
 ParOldGen       total 524288K, used 92265K [0x00000000d0000000, 0x00000000f0000000, 0x00000000f0000000)
  object space 524288K, 17% used [0x00000000d0000000,0x00000000d5a1a600,0x00000000f0000000)
 Metaspace       used 67237K, capacity 69724K, committed 69848K, reserved 1110016K
  class space    used 8300K, capacity 9130K, committed 9176K, reserved 1048576K
Event: 69.260 GC heap after
Heap after GC invocations=28 (full 3):
 PSYoungGen      total 225792K, used 23991K [0x00000000f0000000, 0x0000000100000000, 0x0000000100000000)
  eden space 190464K, 0% used [0x00000000f0000000,0x00000000f0000000,0x00000000fba00000)
  from space 35328K, 67% used [0x00000000fba00000,0x00000000fd16de50,0x00000000fdc80000)
  to   space 35840K, 0% used [0x00000000fdd00000,0x00000000fdd00000,0x0000000100000000)
 ParOldGen       total 524288K, used 92273K [0x00000000d0000000, 0x00000000f0000000, 0x00000000f0000000)
  object space 524288K, 17% used [0x00000000d0000000,0x00000000d5a1c600,0x00000000f0000000)
 Metaspace       used 67237K, capacity 69724K, committed 69848K, reserved 1110016K
  class space    used 8300K, capacity 9130K, committed 9176K, reserved 1048576K
}
Event: 286.540 GC heap before
{Heap before GC invocations=29 (full 3):
 PSYoungGen      total 225792K, used 214455K [0x00000000f0000000, 0x0000000100000000, 0x0000000100000000)
  eden space 190464K, 100% used [0x00000000f0000000,0x00000000fba00000,0x00000000fba00000)
  from space 35328K, 67% used [0x00000000fba00000,0x00000000fd16de50,0x00000000fdc80000)
  to   space 35840K, 0% used [0x00000000fdd00000,0x00000000fdd00000,0x0000000100000000)
 ParOldGen       total 524288K, used 92273K [0x00000000d0000000, 0x00000000f0000000, 0x00000000f0000000)
  object space 524288K, 17% used [0x00000000d0000000,0x00000000d5a1c600,0x00000000f0000000)
 Metaspace       used 69077K, capacity 72022K, committed 72280K, reserved 1112064K
  class space    used 8517K, capacity 9485K, committed 9560K, reserved 1048576K
Event: 286.563 GC heap after
Heap after GC invocations=29 (full 3):
 PSYoungGen      total 219136K, used 31665K [0x00000000f0000000, 0x0000000100000000, 0x0000000100000000)
  eden space 183296K, 0% used [0x00000000f0000000,0x00000000f0000000,0x00000000fb300000)
  from space 35840K, 88% used [0x00000000fdd00000,0x00000000ffbec788,0x0000000100000000)
  to   space 39424K, 0% used [0x00000000fb300000,0x00000000fb300000,0x00000000fd980000)
 ParOldGen       total 524288K, used 92281K [0x00000000d0000000, 0x00000000f0000000, 0x00000000f0000000)
  object space 524288K, 17% used [0x00000000d0000000,0x00000000d5a1e600,0x00000000f0000000)
 Metaspace       used 69077K, capacity 72022K, committed 72280K, reserved 1112064K
  class space    used 8517K, capacity 9485K, committed 9560K, reserved 1048576K
}
Event: 431.024 GC heap before
{Heap before GC invocations=30 (full 3):
 PSYoungGen      total 219136K, used 214961K [0x00000000f0000000, 0x0000000100000000, 0x0000000100000000)
  eden space 183296K, 100% used [0x00000000f0000000,0x00000000fb300000,0x00000000fb300000)
  from space 35840K, 88% used [0x00000000fdd00000,0x00000000ffbec788,0x0000000100000000)
  to   space 39424K, 0% used [0x00000000fb300000,0x00000000fb300000,0x00000000fd980000)
 ParOldGen       total 524288K, used 92281K [0x00000000d0000000, 0x00000000f0000000, 0x00000000f0000000)
  object space 524288K, 17% used [0x00000000d0000000,0x00000000d5a1e600,0x00000000f0000000)
 Metaspace       used 69980K, capacity 73304K, committed 73560K, reserved 1114112K
  class space    used 8667K, capacity 9746K, committed 9816K, reserved 1048576K
Event: 431.054 GC heap after
Heap after GC invocations=30 (full 3):
 PSYoungGen      total 222720K, used 39403K [0x00000000f0000000, 0x0000000100000000, 0x0000000100000000)
  eden space 183296K, 0% used [0x00000000f0000000,0x00000000f0000000,0x00000000fb300000)
  from space 39424K, 99% used [0x00000000fb300000,0x00000000fd97aca0,0x00000000fd980000)
  to   space 39424K, 0% used [0x00000000fd980000,0x00000000fd980000,0x0000000100000000)
 ParOldGen       total 524288K, used 93862K [0x00000000d0000000, 0x00000000f0000000, 0x00000000f0000000)
  object space 524288K, 17% used [0x00000000d0000000,0x00000000d5ba9bb0,0x00000000f0000000)
 Metaspace       used 69980K, capacity 73304K, committed 73560K, reserved 1114112K
  class space    used 8667K, capacity 9746K, committed 9816K, reserved 1048576K
}

