# JRE version: OpenJDK Runtime Environment (8.0_151-b12) (build 1.8.0_151-8u151-b12-0ubuntu0.16.04.2-b12)
# Java VM: OpenJDK 64-Bit Server VM (25.151-b12 mixed mode linux-amd64 compressed oops)
Heap:
 PSYoungGen      total 209920K, used 69501K [0x00000000f0000000, 0x0000000100000000, 0x0000000100000000)
  eden space 164864K, 19% used [0x00000000f0000000,0x00000000f1f84ba0,0x00000000fa100000)
  from space 45056K, 82% used [0x00000000fd400000,0x00000000ff85ac48,0x0000000100000000)
  to   space 48640K, 0% used [0x00000000fa100000,0x00000000fa100000,0x00000000fd080000)
 ParOldGen       total 524288K, used 92581K [0x00000000d0000000, 0x00000000f0000000, 0x00000000f0000000)
  object space 524288K, 17% used [0x00000000d0000000,0x00000000d5a69658,0x00000000f0000000)
 Metaspace       used 69943K, capacity 73698K, committed 73944K, reserved 1114112K
  class space    used 8677K, capacity 9825K, committed 9944K, reserved 1048576K
GC Heap History (10 events):
Event: 40.809 GC heap before
{Heap before GC invocations=27 (full 3):
 PSYoungGen      total 214528K, used 181641K [0x00000000f0000000, 0x0000000100000000, 0x0000000100000000)
  eden space 167936K, 100% used [0x00000000f0000000,0x00000000fa400000,0x00000000fa400000)
  from space 46592K, 29% used [0x00000000fa400000,0x00000000fb162480,0x00000000fd180000)
  to   space 44544K, 0% used [0x00000000fd480000,0x00000000fd480000,0x0000000100000000)
 ParOldGen       total 524288K, used 92549K [0x00000000d0000000, 0x00000000f0000000, 0x00000000f0000000)
  object space 524288K, 17% used [0x00000000d0000000,0x00000000d5a61658,0x00000000f0000000)
 Metaspace       used 65576K, capacity 67470K, committed 67672K, reserved 1107968K
  class space    used 7926K, capacity 8469K, committed 8536K, reserved 1048576K
Event: 40.829 GC heap after
Heap after GC invocations=27 (full 3):
 PSYoungGen      total 220160K, used 18727K [0x00000000f0000000, 0x0000000100000000, 0x0000000100000000)
  eden space 175616K, 0% used [0x00000000f0000000,0x00000000f0000000,0x00000000fab80000)
  from space 44544K, 42% used [0x00000000fd480000,0x00000000fe6c9e78,0x0000000100000000)
  to   space 41984K, 0% used [0x00000000fab80000,0x00000000fab80000,0x00000000fd480000)
 ParOldGen       total 524288K, used 92557K [0x00000000d0000000, 0x00000000f0000000, 0x00000000f0000000)
  object space 524288K, 17% used [0x00000000d0000000,0x00000000d5a63658,0x00000000f0000000)
 Metaspace       used 65576K, capacity 67470K, committed 67672K, reserved 1107968K
  class space    used 7926K, capacity 8469K, committed 8536K, reserved 1048576K
}
Event: 41.379 GC heap before
{Heap before GC invocations=28 (full 3):
 PSYoungGen      total 220160K, used 194343K [0x00000000f0000000, 0x0000000100000000, 0x0000000100000000)
  eden space 175616K, 100% used [0x00000000f0000000,0x00000000fab80000,0x00000000fab80000)
  from space 44544K, 42% used [0x00000000fd480000,0x00000000fe6c9e78,0x0000000100000000)
  to   space 41984K, 0% used [0x00000000fab80000,0x00000000fab80000,0x00000000fd480000)
 ParOldGen       total 524288K, used 92557K [0x00000000d0000000, 0x00000000f0000000, 0x00000000f0000000)
  object space 524288K, 17% used [0x00000000d0000000,0x00000000d5a63658,0x00000000f0000000)
 Metaspace       used 66385K, capacity 68648K, committed 68824K, reserved 1110016K
  class space    used 8102K, capacity 8817K, committed 8920K, reserved 1048576K
Event: 41.400 GC heap after
Heap after GC invocations=28 (full 3):
 PSYoungGen      total 217600K, used 20331K [0x00000000f0000000, 0x0000000100000000, 0x0000000100000000)
  eden space 175616K, 0% used [0x00000000f0000000,0x00000000f0000000,0x00000000fab80000)
  from space 41984K, 48% used [0x00000000fab80000,0x00000000fbf5ac60,0x00000000fd480000)
  to   space 40448K, 0% used [0x00000000fd880000,0x00000000fd880000,0x0000000100000000)
 ParOldGen       total 524288K, used 92565K [0x00000000d0000000, 0x00000000f0000000, 0x00000000f0000000)
  object space 524288K, 17% used [0x00000000d0000000,0x00000000d5a65658,0x00000000f0000000)
 Metaspace       used 66385K, capacity 68648K, committed 68824K, reserved 1110016K
  class space    used 8102K, capacity 8817K, committed 8920K, reserved 1048576K
}
Event: 79.414 GC heap before
{Heap before GC invocations=29 (full 3):
 PSYoungGen      total 217600K, used 195947K [0x00000000f0000000, 0x0000000100000000, 0x0000000100000000)
  eden space 175616K, 100% used [0x00000000f0000000,0x00000000fab80000,0x00000000fab80000)
  from space 41984K, 48% used [0x00000000fab80000,0x00000000fbf5ac60,0x00000000fd480000)
  to   space 40448K, 0% used [0x00000000fd880000,0x00000000fd880000,0x0000000100000000)
 ParOldGen       total 524288K, used 92565K [0x00000000d0000000, 0x00000000f0000000, 0x00000000f0000000)
  object space 524288K, 17% used [0x00000000d0000000,0x00000000d5a65658,0x00000000f0000000)
 Metaspace       used 67819K, capacity 70662K, committed 70872K, reserved 1110016K
  class space    used 8378K, capacity 9338K, committed 9432K, reserved 1048576K
Event: 79.434 GC heap after
Heap after GC invocations=29 (full 3):
 PSYoungGen      total 220672K, used 25310K [0x00000000f0000000, 0x0000000100000000, 0x0000000100000000)
  eden space 180224K, 0% used [0x00000000f0000000,0x00000000f0000000,0x00000000fb000000)
  from space 40448K, 62% used [0x00000000fd880000,0x00000000ff137888,0x0000000100000000)
  to   space 40960K, 0% used [0x00000000fb000000,0x00000000fb000000,0x00000000fd800000)
 ParOldGen       total 524288K, used 92573K [0x00000000d0000000, 0x00000000f0000000, 0x00000000f0000000)
  object space 524288K, 17% used [0x00000000d0000000,0x00000000d5a67658,0x00000000f0000000)
 Metaspace       used 67819K, capacity 70662K, committed 70872K, reserved 1110016K
  class space    used 8378K, capacity 9338K, committed 9432K, reserved 1048576K
}
Event: 105.490 GC heap before
{Heap before GC invocations=30 (full 3):
 PSYoungGen      total 220672K, used 205534K [0x00000000f0000000, 0x0000000100000000, 0x0000000100000000)
  eden space 180224K, 100% used [0x00000000f0000000,0x00000000fb000000,0x00000000fb000000)
  from space 40448K, 62% used [0x00000000fd880000,0x00000000ff137888,0x0000000100000000)
  to   space 40960K, 0% used [0x00000000fb000000,0x00000000fb000000,0x00000000fd800000)
 ParOldGen       total 524288K, used 92573K [0x00000000d0000000, 0x00000000f0000000, 0x00000000f0000000)
  object space 524288K, 17% used [0x00000000d0000000,0x00000000d5a67658,0x00000000f0000000)
 Metaspace       used 69077K, capacity 72214K, committed 72280K, reserved 1112064K
  class space    used 8547K, capacity 9534K, committed 9560K, reserved 1048576K
Event: 105.516 GC heap after
Heap after GC invocations=30 (full 3):
 PSYoungGen      total 216064K, used 35704K [0x00000000f0000000, 0x0000000100000000, 0x0000000100000000)
  eden space 180224K, 0% used [0x00000000f0000000,0x00000000f0000000,0x00000000fb000000)
  from space 35840K, 99% used [0x00000000fb000000,0x00000000fd2de268,0x00000000fd300000)
  to   space 45056K, 0% used [0x00000000fd400000,0x00000000fd400000,0x0000000100000000)
 ParOldGen       total 524288K, used 92581K [0x00000000d0000000, 0x00000000f0000000, 0x00000000f0000000)
  object space 524288K, 17% used [0x00000000d0000000,0x00000000d5a69658,0x00000000f0000000)
 Metaspace       used 69077K, capacity 72214K, committed 72280K, reserved 1112064K
  class space    used 8547K, capacity 9534K, committed 9560K, reserved 1048576K
}
Event: 278.292 GC heap before
{Heap before GC invocations=31 (full 3):
 PSYoungGen      total 216064K, used 215840K [0x00000000f0000000, 0x0000000100000000, 0x0000000100000000)
  eden space 180224K, 99% used [0x00000000f0000000,0x00000000fafe9d98,0x00000000fb000000)
  from space 35840K, 99% used [0x00000000fb000000,0x00000000fd2de268,0x00000000fd300000)
  to   space 45056K, 0% used [0x00000000fd400000,0x00000000fd400000,0x0000000100000000)
 ParOldGen       total 524288K, used 92581K [0x00000000d0000000, 0x00000000f0000000, 0x00000000f0000000)
  object space 524288K, 17% used [0x00000000d0000000,0x00000000d5a69658,0x00000000f0000000)
 Metaspace       used 69876K, capacity 73668K, committed 73944K, reserved 1114112K
  class space    used 8665K, capacity 9819K, committed 9944K, reserved 1048576K
Event: 278.323 GC heap after
Heap after GC invocations=31 (full 3):
 PSYoungGen      total 209920K, used 37227K [0x00000000f0000000, 0x0000000100000000, 0x0000000100000000)
  eden space 164864K, 0% used [0x00000000f0000000,0x00000000f0000000,0x00000000fa100000)
  from space 45056K, 82% used [0x00000000fd400000,0x00000000ff85ac48,0x0000000100000000)
  to   space 48640K, 0% used [0x00000000fa100000,0x00000000fa100000,0x00000000fd080000)
 ParOldGen       total 524288K, used 92581K [0x00000000d0000000, 0x00000000f0000000, 0x00000000f0000000)
  object space 524288K, 17% used [0x00000000d0000000,0x00000000d5a69658,0x00000000f0000000)
 Metaspace       used 69876K, capacity 73668K, committed 73944K, reserved 1114112K
  class space    used 8665K, capacity 9819K, committed 9944K, reserved 1048576K
}

